<?xml version="1.0" encoding="UTF-8"?>
<!-- Generated by org.testng.reporters.JUnitXMLReporter -->
<testsuite ignored="0" hostname="DESKTOP-H2ULFNK" failures="0" tests="2" name="Surefire test" time="0.084" errors="0" timestamp="2020-06-20T20:50:40 IST">
  <testcase classname="kite.qa.testScripts.DashboardPageTest" name="@BeforeMethod setup" time="0.01">
    <failure type="java.lang.NullPointerException">
      <![CDATA[java.lang.NullPointerException
at kite.qa.base.TestBase.initialization(TestBase.java:33)
at kite.qa.testScripts.DashboardPageTest.setup(DashboardPageTest.java:29)
at java.base/java.util.ArrayList.forEach(ArrayList.java:1540)
... Removed 36 stack frames]]>
    </failure>
  </testcase> <!-- @BeforeMethod setup -->
  <testcase classname="kite.qa.testScripts.DashboardPageTest" name="@AfterMethod tearDown" time="-1.592666440772E9">
    <skipped/>
  </testcase> <!-- @AfterMethod tearDown -->
  <testcase classname="kite.qa.testScripts.LoginPageTest" name="@BeforeMethod setup" time="0.001">
    <failure type="java.lang.NullPointerException">
      <![CDATA[java.lang.NullPointerException
at kite.qa.base.TestBase.initialization(TestBase.java:33)
at kite.qa.testScripts.LoginPageTest.setup(LoginPageTest.java:31)
at java.base/java.util.ArrayList.forEach(ArrayList.java:1540)
... Removed 36 stack frames]]>
    </failure>
  </testcase> <!-- @BeforeMethod setup -->
  <testcase classname="kite.qa.testScripts.LoginPageTest" name="@AfterMethod takeScreenshot" time="-1.592666440779E9">
    <skipped/>
  </testcase> <!-- @AfterMethod takeScreenshot -->
  <testcase classname="kite.qa.testScripts.DashboardPageTest" name="checkBtnBlueTest" time="0.0">
    <skipped/>
  </testcase> <!-- checkBtnBlueTest -->
  <testcase classname="kite.qa.testScripts.LoginPageTest" name="checkTitleTest" time="0.0">
    <skipped/>
  </testcase> <!-- checkTitleTest -->
</testsuite> <!-- Surefire test -->
